# Logfile created on 2014-01-21 07:00:02 +0100 by logger.rb/44203
I, [2014-01-21T07:00:02.250108 #1845]  INFO -- : 0:  rake (10.1.0) from /Users/serkan/.rvm/rubies/ruby-2.1.0/lib/ruby/gems/2.1.0/specifications/default/rake-10.1.0.gemspec
I, [2014-01-21T07:00:02.250415 #1845]  INFO -- : 0:  i18n (0.6.5) from /Users/serkan/.rvm/gems/ruby-2.1.0/specifications/i18n-0.6.5.gemspec
I, [2014-01-21T07:00:02.250648 #1845]  INFO -- : 0:  minitest (4.7.5) from /Users/serkan/.rvm/rubies/ruby-2.1.0/lib/ruby/gems/2.1.0/specifications/default/minitest-4.7.5.gemspec
I, [2014-01-21T07:00:02.250881 #1845]  INFO -- : 0:  multi_json (1.8.2) from /Users/serkan/.rvm/gems/ruby-2.1.0/specifications/multi_json-1.8.2.gemspec
I, [2014-01-21T07:00:02.251108 #1845]  INFO -- : 0:  atomic (1.1.14) from /Users/serkan/.rvm/gems/ruby-2.1.0/specifications/atomic-1.1.14.gemspec
I, [2014-01-21T07:00:02.251337 #1845]  INFO -- : 0:  thread_safe (0.1.3) from /Users/serkan/.rvm/gems/ruby-2.1.0/specifications/thread_safe-0.1.3.gemspec
I, [2014-01-21T07:00:02.251565 #1845]  INFO -- : 0:  tzinfo (0.3.38) from /Users/serkan/.rvm/gems/ruby-2.1.0/specifications/tzinfo-0.3.38.gemspec
I, [2014-01-21T07:00:02.251793 #1845]  INFO -- : 0:  activesupport (4.0.0) from /Users/serkan/.rvm/gems/ruby-2.1.0/specifications/activesupport-4.0.0.gemspec
I, [2014-01-21T07:00:02.252015 #1845]  INFO -- : 0:  builder (3.1.4) from /Users/serkan/.rvm/gems/ruby-2.1.0/specifications/builder-3.1.4.gemspec
I, [2014-01-21T07:00:02.252236 #1845]  INFO -- : 0:  erubis (2.7.0) from /Users/serkan/.rvm/gems/ruby-2.1.0/specifications/erubis-2.7.0.gemspec
I, [2014-01-21T07:00:02.252461 #1845]  INFO -- : 0:  rack (1.5.2) from /Users/serkan/.rvm/gems/ruby-2.1.0/specifications/rack-1.5.2.gemspec
I, [2014-01-21T07:00:02.252681 #1845]  INFO -- : 0:  rack-test (0.6.2) from /Users/serkan/.rvm/gems/ruby-2.1.0/specifications/rack-test-0.6.2.gemspec
I, [2014-01-21T07:00:02.252909 #1845]  INFO -- : 0:  actionpack (4.0.0) from /Users/serkan/.rvm/gems/ruby-2.1.0/specifications/actionpack-4.0.0.gemspec
I, [2014-01-21T07:00:02.253137 #1845]  INFO -- : 0:  mime-types (1.25.1) from /Users/serkan/.rvm/gems/ruby-2.1.0/specifications/mime-types-1.25.1.gemspec
I, [2014-01-21T07:00:02.253356 #1845]  INFO -- : 0:  polyglot (0.3.3) from /Users/serkan/.rvm/gems/ruby-2.1.0/specifications/polyglot-0.3.3.gemspec
I, [2014-01-21T07:00:02.253570 #1845]  INFO -- : 0:  treetop (1.4.15) from /Users/serkan/.rvm/gems/ruby-2.1.0/specifications/treetop-1.4.15.gemspec
I, [2014-01-21T07:00:02.253793 #1845]  INFO -- : 0:  mail (2.5.4) from /Users/serkan/.rvm/gems/ruby-2.1.0/specifications/mail-2.5.4.gemspec
I, [2014-01-21T07:00:02.254013 #1845]  INFO -- : 0:  actionmailer (4.0.0) from /Users/serkan/.rvm/gems/ruby-2.1.0/specifications/actionmailer-4.0.0.gemspec
I, [2014-01-21T07:00:02.254242 #1845]  INFO -- : 0:  activemodel (4.0.0) from /Users/serkan/.rvm/gems/ruby-2.1.0/specifications/activemodel-4.0.0.gemspec
I, [2014-01-21T07:00:02.254467 #1845]  INFO -- : 0:  activerecord-deprecated_finders (1.0.3) from /Users/serkan/.rvm/gems/ruby-2.1.0/specifications/activerecord-deprecated_finders-1.0.3.gemspec
I, [2014-01-21T07:00:02.254692 #1845]  INFO -- : 0:  arel (4.0.1) from /Users/serkan/.rvm/gems/ruby-2.1.0/specifications/arel-4.0.1.gemspec
I, [2014-01-21T07:00:02.254911 #1845]  INFO -- : 0:  activerecord (4.0.0) from /Users/serkan/.rvm/gems/ruby-2.1.0/specifications/activerecord-4.0.0.gemspec
I, [2014-01-21T07:00:02.255141 #1845]  INFO -- : 0:  coffee-script-source (1.6.3) from /Users/serkan/.rvm/gems/ruby-2.1.0/specifications/coffee-script-source-1.6.3.gemspec
I, [2014-01-21T07:00:02.255363 #1845]  INFO -- : 0:  execjs (2.0.2) from /Users/serkan/.rvm/gems/ruby-2.1.0/specifications/execjs-2.0.2.gemspec
I, [2014-01-21T07:00:02.255585 #1845]  INFO -- : 0:  coffee-script (2.2.0) from /Users/serkan/.rvm/gems/ruby-2.1.0/specifications/coffee-script-2.2.0.gemspec
I, [2014-01-21T07:00:02.255802 #1845]  INFO -- : 0:  thor (0.18.1) from /Users/serkan/.rvm/gems/ruby-2.1.0/specifications/thor-0.18.1.gemspec
I, [2014-01-21T07:00:02.256030 #1845]  INFO -- : 0:  railties (4.0.0) from /Users/serkan/.rvm/gems/ruby-2.1.0/specifications/railties-4.0.0.gemspec
I, [2014-01-21T07:00:02.256255 #1845]  INFO -- : 0:  coffee-rails (4.0.1) from /Users/serkan/.rvm/gems/ruby-2.1.0/specifications/coffee-rails-4.0.1.gemspec
I, [2014-01-21T07:00:02.256476 #1845]  INFO -- : 0:  hike (1.2.3) from /Users/serkan/.rvm/gems/ruby-2.1.0/specifications/hike-1.2.3.gemspec
I, [2014-01-21T07:00:02.256693 #1845]  INFO -- : 0:  jbuilder (1.5.2) from /Users/serkan/.rvm/gems/ruby-2.1.0/specifications/jbuilder-1.5.2.gemspec
I, [2014-01-21T07:00:02.256921 #1845]  INFO -- : 0:  jquery-rails (3.0.4) from /Users/serkan/.rvm/gems/ruby-2.1.0/specifications/jquery-rails-3.0.4.gemspec
I, [2014-01-21T07:00:02.257136 #1845]  INFO -- : 0:  json (1.8.1) from /Users/serkan/.rvm/rubies/ruby-2.1.0/lib/ruby/gems/2.1.0/specifications/default/json-1.8.1.gemspec
I, [2014-01-21T07:00:02.257348 #1845]  INFO -- : 0:  bundler (1.5.1) from /Users/serkan/.rvm/gems/ruby-2.1.0@global/specifications/bundler-1.5.1.gemspec
I, [2014-01-21T07:00:02.257603 #1845]  INFO -- : 0:  tilt (1.4.1) from /Users/serkan/.rvm/gems/ruby-2.1.0/specifications/tilt-1.4.1.gemspec
I, [2014-01-21T07:00:02.257828 #1845]  INFO -- : 0:  sprockets (2.10.1) from /Users/serkan/.rvm/gems/ruby-2.1.0/specifications/sprockets-2.10.1.gemspec
I, [2014-01-21T07:00:02.258053 #1845]  INFO -- : 0:  sprockets-rails (2.0.1) from /Users/serkan/.rvm/gems/ruby-2.1.0/specifications/sprockets-rails-2.0.1.gemspec
I, [2014-01-21T07:00:02.258270 #1845]  INFO -- : 0:  rails (4.0.0) from /Users/serkan/.rvm/gems/ruby-2.1.0/specifications/rails-4.0.0.gemspec
I, [2014-01-21T07:00:02.258495 #1845]  INFO -- : 0:  rdoc (3.12.2) from /Users/serkan/.rvm/gems/ruby-2.1.0/specifications/rdoc-3.12.2.gemspec
I, [2014-01-21T07:00:02.258737 #1845]  INFO -- : 0:  sass (3.2.12) from /Users/serkan/.rvm/gems/ruby-2.1.0/specifications/sass-3.2.12.gemspec
I, [2014-01-21T07:00:02.258970 #1845]  INFO -- : 0:  sass-rails (4.0.1) from /Users/serkan/.rvm/gems/ruby-2.1.0/specifications/sass-rails-4.0.1.gemspec
I, [2014-01-21T07:00:02.259202 #1845]  INFO -- : 0:  sdoc (0.3.20) from /Users/serkan/.rvm/gems/ruby-2.1.0/specifications/sdoc-0.3.20.gemspec
I, [2014-01-21T07:00:02.259427 #1845]  INFO -- : 0:  sqlite3 (1.3.8) from /Users/serkan/.rvm/gems/ruby-2.1.0/specifications/sqlite3-1.3.8.gemspec
I, [2014-01-21T07:00:02.259658 #1845]  INFO -- : 0:  turbolinks (1.3.1) from /Users/serkan/.rvm/gems/ruby-2.1.0/specifications/turbolinks-1.3.1.gemspec
I, [2014-01-21T07:00:04.336283 #1845]  INFO -- : 0:  uglifier (2.3.2) from /Users/serkan/.rvm/gems/ruby-2.1.0/specifications/uglifier-2.3.2.gemspec
I, [2014-01-21T07:17:18.888783 #1979]  INFO -- : 0:  rake (10.1.0) from /Users/serkan/.rvm/rubies/ruby-2.1.0/lib/ruby/gems/2.1.0/specifications/default/rake-10.1.0.gemspec
I, [2014-01-21T07:17:18.889511 #1979]  INFO -- : 0:  i18n (0.6.5) from /Users/serkan/.rvm/gems/ruby-2.1.0/specifications/i18n-0.6.5.gemspec
I, [2014-01-21T07:17:18.889774 #1979]  INFO -- : 0:  minitest (4.7.5) from /Users/serkan/.rvm/rubies/ruby-2.1.0/lib/ruby/gems/2.1.0/specifications/default/minitest-4.7.5.gemspec
I, [2014-01-21T07:17:18.890018 #1979]  INFO -- : 0:  multi_json (1.8.2) from /Users/serkan/.rvm/gems/ruby-2.1.0/specifications/multi_json-1.8.2.gemspec
I, [2014-01-21T07:17:18.890259 #1979]  INFO -- : 0:  atomic (1.1.14) from /Users/serkan/.rvm/gems/ruby-2.1.0/specifications/atomic-1.1.14.gemspec
I, [2014-01-21T07:17:18.890515 #1979]  INFO -- : 0:  thread_safe (0.1.3) from /Users/serkan/.rvm/gems/ruby-2.1.0/specifications/thread_safe-0.1.3.gemspec
I, [2014-01-21T07:17:18.890781 #1979]  INFO -- : 0:  tzinfo (0.3.38) from /Users/serkan/.rvm/gems/ruby-2.1.0/specifications/tzinfo-0.3.38.gemspec
I, [2014-01-21T07:17:18.891046 #1979]  INFO -- : 0:  activesupport (4.0.0) from /Users/serkan/.rvm/gems/ruby-2.1.0/specifications/activesupport-4.0.0.gemspec
I, [2014-01-21T07:17:18.891278 #1979]  INFO -- : 0:  builder (3.1.4) from /Users/serkan/.rvm/gems/ruby-2.1.0/specifications/builder-3.1.4.gemspec
I, [2014-01-21T07:17:18.891516 #1979]  INFO -- : 0:  erubis (2.7.0) from /Users/serkan/.rvm/gems/ruby-2.1.0/specifications/erubis-2.7.0.gemspec
I, [2014-01-21T07:17:18.891754 #1979]  INFO -- : 0:  rack (1.5.2) from /Users/serkan/.rvm/gems/ruby-2.1.0/specifications/rack-1.5.2.gemspec
I, [2014-01-21T07:17:18.891993 #1979]  INFO -- : 0:  rack-test (0.6.2) from /Users/serkan/.rvm/gems/ruby-2.1.0/specifications/rack-test-0.6.2.gemspec
I, [2014-01-21T07:17:18.892261 #1979]  INFO -- : 0:  actionpack (4.0.0) from /Users/serkan/.rvm/gems/ruby-2.1.0/specifications/actionpack-4.0.0.gemspec
I, [2014-01-21T07:17:18.892469 #1979]  INFO -- : 0:  mime-types (1.25.1) from /Users/serkan/.rvm/gems/ruby-2.1.0/specifications/mime-types-1.25.1.gemspec
I, [2014-01-21T07:17:18.892785 #1979]  INFO -- : 0:  polyglot (0.3.3) from /Users/serkan/.rvm/gems/ruby-2.1.0/specifications/polyglot-0.3.3.gemspec
I, [2014-01-21T07:17:18.893035 #1979]  INFO -- : 0:  treetop (1.4.15) from /Users/serkan/.rvm/gems/ruby-2.1.0/specifications/treetop-1.4.15.gemspec
I, [2014-01-21T07:17:18.893259 #1979]  INFO -- : 0:  mail (2.5.4) from /Users/serkan/.rvm/gems/ruby-2.1.0/specifications/mail-2.5.4.gemspec
I, [2014-01-21T07:17:18.893467 #1979]  INFO -- : 0:  actionmailer (4.0.0) from /Users/serkan/.rvm/gems/ruby-2.1.0/specifications/actionmailer-4.0.0.gemspec
I, [2014-01-21T07:17:18.893701 #1979]  INFO -- : 0:  activemodel (4.0.0) from /Users/serkan/.rvm/gems/ruby-2.1.0/specifications/activemodel-4.0.0.gemspec
I, [2014-01-21T07:17:18.893982 #1979]  INFO -- : 0:  activerecord-deprecated_finders (1.0.3) from /Users/serkan/.rvm/gems/ruby-2.1.0/specifications/activerecord-deprecated_finders-1.0.3.gemspec
I, [2014-01-21T07:17:18.894275 #1979]  INFO -- : 0:  arel (4.0.1) from /Users/serkan/.rvm/gems/ruby-2.1.0/specifications/arel-4.0.1.gemspec
I, [2014-01-21T07:17:18.894532 #1979]  INFO -- : 0:  activerecord (4.0.0) from /Users/serkan/.rvm/gems/ruby-2.1.0/specifications/activerecord-4.0.0.gemspec
I, [2014-01-21T07:17:18.894769 #1979]  INFO -- : 0:  bcrypt-ruby (3.1.2) from /Users/serkan/.rvm/gems/ruby-2.1.0/specifications/bcrypt-ruby-3.1.2.gemspec
I, [2014-01-21T07:17:18.895002 #1979]  INFO -- : 0:  bundler (1.5.1) from /Users/serkan/.rvm/gems/ruby-2.1.0@global/specifications/bundler-1.5.1.gemspec
I, [2014-01-21T07:17:18.895248 #1979]  INFO -- : 0:  coffee-script-source (1.6.3) from /Users/serkan/.rvm/gems/ruby-2.1.0/specifications/coffee-script-source-1.6.3.gemspec
I, [2014-01-21T07:17:18.895490 #1979]  INFO -- : 0:  execjs (2.0.2) from /Users/serkan/.rvm/gems/ruby-2.1.0/specifications/execjs-2.0.2.gemspec
I, [2014-01-21T07:17:18.895725 #1979]  INFO -- : 0:  coffee-script (2.2.0) from /Users/serkan/.rvm/gems/ruby-2.1.0/specifications/coffee-script-2.2.0.gemspec
I, [2014-01-21T07:17:18.895914 #1979]  INFO -- : 0:  thor (0.18.1) from /Users/serkan/.rvm/gems/ruby-2.1.0/specifications/thor-0.18.1.gemspec
I, [2014-01-21T07:17:18.896129 #1979]  INFO -- : 0:  railties (4.0.0) from /Users/serkan/.rvm/gems/ruby-2.1.0/specifications/railties-4.0.0.gemspec
I, [2014-01-21T07:17:18.896348 #1979]  INFO -- : 0:  coffee-rails (4.0.1) from /Users/serkan/.rvm/gems/ruby-2.1.0/specifications/coffee-rails-4.0.1.gemspec
I, [2014-01-21T07:17:18.896543 #1979]  INFO -- : 0:  orm_adapter (0.5.0) from /Users/serkan/.rvm/gems/ruby-2.1.0/specifications/orm_adapter-0.5.0.gemspec
I, [2014-01-21T07:17:18.896725 #1979]  INFO -- : 0:  warden (1.2.3) from /Users/serkan/.rvm/gems/ruby-2.1.0/specifications/warden-1.2.3.gemspec
I, [2014-01-21T07:17:18.896912 #1979]  INFO -- : 0:  devise (3.2.2) from /Users/serkan/.rvm/gems/ruby-2.1.0/specifications/devise-3.2.2.gemspec
I, [2014-01-21T07:17:18.897094 #1979]  INFO -- : 0:  hike (1.2.3) from /Users/serkan/.rvm/gems/ruby-2.1.0/specifications/hike-1.2.3.gemspec
I, [2014-01-21T07:17:18.897280 #1979]  INFO -- : 0:  jbuilder (1.5.2) from /Users/serkan/.rvm/gems/ruby-2.1.0/specifications/jbuilder-1.5.2.gemspec
I, [2014-01-21T07:17:18.897515 #1979]  INFO -- : 0:  jquery-rails (3.0.4) from /Users/serkan/.rvm/gems/ruby-2.1.0/specifications/jquery-rails-3.0.4.gemspec
I, [2014-01-21T07:17:18.897725 #1979]  INFO -- : 0:  json (1.8.1) from /Users/serkan/.rvm/rubies/ruby-2.1.0/lib/ruby/gems/2.1.0/specifications/default/json-1.8.1.gemspec
I, [2014-01-21T07:17:18.897933 #1979]  INFO -- : 0:  tilt (1.4.1) from /Users/serkan/.rvm/gems/ruby-2.1.0/specifications/tilt-1.4.1.gemspec
I, [2014-01-21T07:17:18.898186 #1979]  INFO -- : 0:  sprockets (2.10.1) from /Users/serkan/.rvm/gems/ruby-2.1.0/specifications/sprockets-2.10.1.gemspec
I, [2014-01-21T07:17:18.898406 #1979]  INFO -- : 0:  sprockets-rails (2.0.1) from /Users/serkan/.rvm/gems/ruby-2.1.0/specifications/sprockets-rails-2.0.1.gemspec
I, [2014-01-21T07:17:18.898635 #1979]  INFO -- : 0:  rails (4.0.0) from /Users/serkan/.rvm/gems/ruby-2.1.0/specifications/rails-4.0.0.gemspec
I, [2014-01-21T07:17:18.898861 #1979]  INFO -- : 0:  rdoc (3.12.2) from /Users/serkan/.rvm/gems/ruby-2.1.0/specifications/rdoc-3.12.2.gemspec
I, [2014-01-21T07:17:18.899101 #1979]  INFO -- : 0:  sass (3.2.12) from /Users/serkan/.rvm/gems/ruby-2.1.0/specifications/sass-3.2.12.gemspec
I, [2014-01-21T07:17:18.899319 #1979]  INFO -- : 0:  sass-rails (4.0.1) from /Users/serkan/.rvm/gems/ruby-2.1.0/specifications/sass-rails-4.0.1.gemspec
I, [2014-01-21T07:17:18.899540 #1979]  INFO -- : 0:  sdoc (0.3.20) from /Users/serkan/.rvm/gems/ruby-2.1.0/specifications/sdoc-0.3.20.gemspec
I, [2014-01-21T07:17:18.899757 #1979]  INFO -- : 0:  sqlite3 (1.3.8) from /Users/serkan/.rvm/gems/ruby-2.1.0/specifications/sqlite3-1.3.8.gemspec
I, [2014-01-21T07:17:18.899989 #1979]  INFO -- : 0:  turbolinks (1.3.1) from /Users/serkan/.rvm/gems/ruby-2.1.0/specifications/turbolinks-1.3.1.gemspec
I, [2014-01-21T07:17:18.900210 #1979]  INFO -- : 0:  uglifier (2.3.2) from /Users/serkan/.rvm/gems/ruby-2.1.0/specifications/uglifier-2.3.2.gemspec
I, [2014-01-21T07:59:02.934821 #2370]  INFO -- : 0:  rake (10.1.0) from /Users/serkan/.rvm/rubies/ruby-2.1.0/lib/ruby/gems/2.1.0/specifications/default/rake-10.1.0.gemspec
I, [2014-01-21T07:59:02.935515 #2370]  INFO -- : 0:  i18n (0.6.5) from /Users/serkan/.rvm/gems/ruby-2.1.0/specifications/i18n-0.6.5.gemspec
I, [2014-01-21T07:59:02.935721 #2370]  INFO -- : 0:  minitest (4.7.5) from /Users/serkan/.rvm/rubies/ruby-2.1.0/lib/ruby/gems/2.1.0/specifications/default/minitest-4.7.5.gemspec
I, [2014-01-21T07:59:02.935905 #2370]  INFO -- : 0:  multi_json (1.8.2) from /Users/serkan/.rvm/gems/ruby-2.1.0/specifications/multi_json-1.8.2.gemspec
I, [2014-01-21T07:59:02.936090 #2370]  INFO -- : 0:  atomic (1.1.14) from /Users/serkan/.rvm/gems/ruby-2.1.0/specifications/atomic-1.1.14.gemspec
I, [2014-01-21T07:59:02.936274 #2370]  INFO -- : 0:  thread_safe (0.1.3) from /Users/serkan/.rvm/gems/ruby-2.1.0/specifications/thread_safe-0.1.3.gemspec
I, [2014-01-21T07:59:02.936463 #2370]  INFO -- : 0:  tzinfo (0.3.38) from /Users/serkan/.rvm/gems/ruby-2.1.0/specifications/tzinfo-0.3.38.gemspec
I, [2014-01-21T07:59:02.936692 #2370]  INFO -- : 0:  activesupport (4.0.0) from /Users/serkan/.rvm/gems/ruby-2.1.0/specifications/activesupport-4.0.0.gemspec
I, [2014-01-21T07:59:02.936908 #2370]  INFO -- : 0:  builder (3.1.4) from /Users/serkan/.rvm/gems/ruby-2.1.0/specifications/builder-3.1.4.gemspec
I, [2014-01-21T07:59:02.937121 #2370]  INFO -- : 0:  erubis (2.7.0) from /Users/serkan/.rvm/gems/ruby-2.1.0/specifications/erubis-2.7.0.gemspec
I, [2014-01-21T07:59:02.937332 #2370]  INFO -- : 0:  rack (1.5.2) from /Users/serkan/.rvm/gems/ruby-2.1.0/specifications/rack-1.5.2.gemspec
I, [2014-01-21T07:59:02.937544 #2370]  INFO -- : 0:  rack-test (0.6.2) from /Users/serkan/.rvm/gems/ruby-2.1.0/specifications/rack-test-0.6.2.gemspec
I, [2014-01-21T07:59:02.937753 #2370]  INFO -- : 0:  actionpack (4.0.0) from /Users/serkan/.rvm/gems/ruby-2.1.0/specifications/actionpack-4.0.0.gemspec
I, [2014-01-21T07:59:02.937970 #2370]  INFO -- : 0:  mime-types (1.25.1) from /Users/serkan/.rvm/gems/ruby-2.1.0/specifications/mime-types-1.25.1.gemspec
I, [2014-01-21T07:59:02.938181 #2370]  INFO -- : 0:  polyglot (0.3.3) from /Users/serkan/.rvm/gems/ruby-2.1.0/specifications/polyglot-0.3.3.gemspec
I, [2014-01-21T07:59:02.938393 #2370]  INFO -- : 0:  treetop (1.4.15) from /Users/serkan/.rvm/gems/ruby-2.1.0/specifications/treetop-1.4.15.gemspec
I, [2014-01-21T07:59:02.938622 #2370]  INFO -- : 0:  mail (2.5.4) from /Users/serkan/.rvm/gems/ruby-2.1.0/specifications/mail-2.5.4.gemspec
I, [2014-01-21T07:59:02.938841 #2370]  INFO -- : 0:  actionmailer (4.0.0) from /Users/serkan/.rvm/gems/ruby-2.1.0/specifications/actionmailer-4.0.0.gemspec
I, [2014-01-21T07:59:02.939059 #2370]  INFO -- : 0:  activemodel (4.0.0) from /Users/serkan/.rvm/gems/ruby-2.1.0/specifications/activemodel-4.0.0.gemspec
I, [2014-01-21T07:59:02.939274 #2370]  INFO -- : 0:  activerecord-deprecated_finders (1.0.3) from /Users/serkan/.rvm/gems/ruby-2.1.0/specifications/activerecord-deprecated_finders-1.0.3.gemspec
I, [2014-01-21T07:59:02.939484 #2370]  INFO -- : 0:  arel (4.0.1) from /Users/serkan/.rvm/gems/ruby-2.1.0/specifications/arel-4.0.1.gemspec
I, [2014-01-21T07:59:02.939699 #2370]  INFO -- : 0:  activerecord (4.0.0) from /Users/serkan/.rvm/gems/ruby-2.1.0/specifications/activerecord-4.0.0.gemspec
I, [2014-01-21T07:59:02.939903 #2370]  INFO -- : 0:  bcrypt-ruby (3.1.2) from /Users/serkan/.rvm/gems/ruby-2.1.0/specifications/bcrypt-ruby-3.1.2.gemspec
I, [2014-01-21T07:59:02.940106 #2370]  INFO -- : 0:  bundler (1.5.1) from /Users/serkan/.rvm/gems/ruby-2.1.0@global/specifications/bundler-1.5.1.gemspec
I, [2014-01-21T07:59:02.940316 #2370]  INFO -- : 0:  coffee-script-source (1.6.3) from /Users/serkan/.rvm/gems/ruby-2.1.0/specifications/coffee-script-source-1.6.3.gemspec
I, [2014-01-21T07:59:02.940524 #2370]  INFO -- : 0:  execjs (2.0.2) from /Users/serkan/.rvm/gems/ruby-2.1.0/specifications/execjs-2.0.2.gemspec
I, [2014-01-21T07:59:02.940747 #2370]  INFO -- : 0:  coffee-script (2.2.0) from /Users/serkan/.rvm/gems/ruby-2.1.0/specifications/coffee-script-2.2.0.gemspec
I, [2014-01-21T07:59:02.940956 #2370]  INFO -- : 0:  thor (0.18.1) from /Users/serkan/.rvm/gems/ruby-2.1.0/specifications/thor-0.18.1.gemspec
I, [2014-01-21T07:59:02.941171 #2370]  INFO -- : 0:  railties (4.0.0) from /Users/serkan/.rvm/gems/ruby-2.1.0/specifications/railties-4.0.0.gemspec
I, [2014-01-21T07:59:02.941384 #2370]  INFO -- : 0:  coffee-rails (4.0.1) from /Users/serkan/.rvm/gems/ruby-2.1.0/specifications/coffee-rails-4.0.1.gemspec
I, [2014-01-21T07:59:02.941596 #2370]  INFO -- : 0:  orm_adapter (0.5.0) from /Users/serkan/.rvm/gems/ruby-2.1.0/specifications/orm_adapter-0.5.0.gemspec
I, [2014-01-21T07:59:02.941804 #2370]  INFO -- : 0:  warden (1.2.3) from /Users/serkan/.rvm/gems/ruby-2.1.0/specifications/warden-1.2.3.gemspec
I, [2014-01-21T07:59:02.942013 #2370]  INFO -- : 0:  devise (3.2.2) from /Users/serkan/.rvm/gems/ruby-2.1.0/specifications/devise-3.2.2.gemspec
I, [2014-01-21T07:59:02.942221 #2370]  INFO -- : 0:  hike (1.2.3) from /Users/serkan/.rvm/gems/ruby-2.1.0/specifications/hike-1.2.3.gemspec
I, [2014-01-21T07:59:02.942434 #2370]  INFO -- : 0:  jbuilder (1.5.2) from /Users/serkan/.rvm/gems/ruby-2.1.0/specifications/jbuilder-1.5.2.gemspec
I, [2014-01-21T07:59:02.942639 #2370]  INFO -- : 0:  jquery-rails (3.0.4) from /Users/serkan/.rvm/gems/ruby-2.1.0/specifications/jquery-rails-3.0.4.gemspec
I, [2014-01-21T07:59:02.942843 #2370]  INFO -- : 0:  json (1.8.1) from /Users/serkan/.rvm/rubies/ruby-2.1.0/lib/ruby/gems/2.1.0/specifications/default/json-1.8.1.gemspec
I, [2014-01-21T07:59:02.943052 #2370]  INFO -- : 0:  tilt (1.4.1) from /Users/serkan/.rvm/gems/ruby-2.1.0/specifications/tilt-1.4.1.gemspec
I, [2014-01-21T07:59:02.943259 #2370]  INFO -- : 0:  sprockets (2.10.1) from /Users/serkan/.rvm/gems/ruby-2.1.0/specifications/sprockets-2.10.1.gemspec
I, [2014-01-21T07:59:02.943456 #2370]  INFO -- : 0:  sprockets-rails (2.0.1) from /Users/serkan/.rvm/gems/ruby-2.1.0/specifications/sprockets-rails-2.0.1.gemspec
I, [2014-01-21T07:59:02.943652 #2370]  INFO -- : 0:  rails (4.0.0) from /Users/serkan/.rvm/gems/ruby-2.1.0/specifications/rails-4.0.0.gemspec
I, [2014-01-21T07:59:02.943849 #2370]  INFO -- : 0:  rdoc (3.12.2) from /Users/serkan/.rvm/gems/ruby-2.1.0/specifications/rdoc-3.12.2.gemspec
I, [2014-01-21T07:59:02.944045 #2370]  INFO -- : 0:  sass (3.2.12) from /Users/serkan/.rvm/gems/ruby-2.1.0/specifications/sass-3.2.12.gemspec
I, [2014-01-21T07:59:02.944227 #2370]  INFO -- : 0:  sass-rails (4.0.1) from /Users/serkan/.rvm/gems/ruby-2.1.0/specifications/sass-rails-4.0.1.gemspec
I, [2014-01-21T07:59:02.944408 #2370]  INFO -- : 0:  sdoc (0.3.20) from /Users/serkan/.rvm/gems/ruby-2.1.0/specifications/sdoc-0.3.20.gemspec
I, [2014-01-21T07:59:02.944585 #2370]  INFO -- : 0:  sqlite3 (1.3.8) from /Users/serkan/.rvm/gems/ruby-2.1.0/specifications/sqlite3-1.3.8.gemspec
I, [2014-01-21T07:59:02.944767 #2370]  INFO -- : 0:  turbolinks (1.3.1) from /Users/serkan/.rvm/gems/ruby-2.1.0/specifications/turbolinks-1.3.1.gemspec
I, [2014-01-21T07:59:02.944950 #2370]  INFO -- : 0:  uglifier (2.3.2) from /Users/serkan/.rvm/gems/ruby-2.1.0/specifications/uglifier-2.3.2.gemspec
I, [2014-01-21T08:43:09.149142 #3148]  INFO -- : 0:  rake (10.1.0) from /Users/serkan/.rvm/rubies/ruby-2.1.0/lib/ruby/gems/2.1.0/specifications/default/rake-10.1.0.gemspec
I, [2014-01-21T08:43:09.149961 #3148]  INFO -- : 0:  i18n (0.6.5) from /Users/serkan/.rvm/gems/ruby-2.1.0/specifications/i18n-0.6.5.gemspec
I, [2014-01-21T08:43:09.150417 #3148]  INFO -- : 0:  minitest (4.7.5) from /Users/serkan/.rvm/rubies/ruby-2.1.0/lib/ruby/gems/2.1.0/specifications/default/minitest-4.7.5.gemspec
I, [2014-01-21T08:43:09.150678 #3148]  INFO -- : 0:  multi_json (1.8.2) from /Users/serkan/.rvm/gems/ruby-2.1.0/specifications/multi_json-1.8.2.gemspec
I, [2014-01-21T08:43:09.150945 #3148]  INFO -- : 0:  atomic (1.1.14) from /Users/serkan/.rvm/gems/ruby-2.1.0/specifications/atomic-1.1.14.gemspec
I, [2014-01-21T08:43:09.151203 #3148]  INFO -- : 0:  thread_safe (0.1.3) from /Users/serkan/.rvm/gems/ruby-2.1.0/specifications/thread_safe-0.1.3.gemspec
I, [2014-01-21T08:43:09.151482 #3148]  INFO -- : 0:  tzinfo (0.3.38) from /Users/serkan/.rvm/gems/ruby-2.1.0/specifications/tzinfo-0.3.38.gemspec
I, [2014-01-21T08:43:09.151727 #3148]  INFO -- : 0:  activesupport (4.0.0) from /Users/serkan/.rvm/gems/ruby-2.1.0/specifications/activesupport-4.0.0.gemspec
I, [2014-01-21T08:43:09.151966 #3148]  INFO -- : 0:  builder (3.1.4) from /Users/serkan/.rvm/gems/ruby-2.1.0/specifications/builder-3.1.4.gemspec
I, [2014-01-21T08:43:09.152180 #3148]  INFO -- : 0:  erubis (2.7.0) from /Users/serkan/.rvm/gems/ruby-2.1.0/specifications/erubis-2.7.0.gemspec
I, [2014-01-21T08:43:09.152379 #3148]  INFO -- : 0:  rack (1.5.2) from /Users/serkan/.rvm/gems/ruby-2.1.0/specifications/rack-1.5.2.gemspec
I, [2014-01-21T08:43:09.152585 #3148]  INFO -- : 0:  rack-test (0.6.2) from /Users/serkan/.rvm/gems/ruby-2.1.0/specifications/rack-test-0.6.2.gemspec
I, [2014-01-21T08:43:09.152873 #3148]  INFO -- : 0:  actionpack (4.0.0) from /Users/serkan/.rvm/gems/ruby-2.1.0/specifications/actionpack-4.0.0.gemspec
I, [2014-01-21T08:43:09.153093 #3148]  INFO -- : 0:  mime-types (1.25.1) from /Users/serkan/.rvm/gems/ruby-2.1.0/specifications/mime-types-1.25.1.gemspec
I, [2014-01-21T08:43:09.153288 #3148]  INFO -- : 0:  polyglot (0.3.3) from /Users/serkan/.rvm/gems/ruby-2.1.0/specifications/polyglot-0.3.3.gemspec
I, [2014-01-21T08:43:09.153477 #3148]  INFO -- : 0:  treetop (1.4.15) from /Users/serkan/.rvm/gems/ruby-2.1.0/specifications/treetop-1.4.15.gemspec
I, [2014-01-21T08:43:09.153663 #3148]  INFO -- : 0:  mail (2.5.4) from /Users/serkan/.rvm/gems/ruby-2.1.0/specifications/mail-2.5.4.gemspec
I, [2014-01-21T08:43:09.153869 #3148]  INFO -- : 0:  actionmailer (4.0.0) from /Users/serkan/.rvm/gems/ruby-2.1.0/specifications/actionmailer-4.0.0.gemspec
I, [2014-01-21T08:43:09.154061 #3148]  INFO -- : 0:  activemodel (4.0.0) from /Users/serkan/.rvm/gems/ruby-2.1.0/specifications/activemodel-4.0.0.gemspec
I, [2014-01-21T08:43:09.154282 #3148]  INFO -- : 0:  activerecord-deprecated_finders (1.0.3) from /Users/serkan/.rvm/gems/ruby-2.1.0/specifications/activerecord-deprecated_finders-1.0.3.gemspec
I, [2014-01-21T08:43:09.154488 #3148]  INFO -- : 0:  arel (4.0.1) from /Users/serkan/.rvm/gems/ruby-2.1.0/specifications/arel-4.0.1.gemspec
I, [2014-01-21T08:43:09.154735 #3148]  INFO -- : 0:  activerecord (4.0.0) from /Users/serkan/.rvm/gems/ruby-2.1.0/specifications/activerecord-4.0.0.gemspec
I, [2014-01-21T08:43:09.154989 #3148]  INFO -- : 0:  bcrypt-ruby (3.1.2) from /Users/serkan/.rvm/gems/ruby-2.1.0/specifications/bcrypt-ruby-3.1.2.gemspec
I, [2014-01-21T08:43:09.155180 #3148]  INFO -- : 0:  bundler (1.5.1) from /Users/serkan/.rvm/gems/ruby-2.1.0@global/specifications/bundler-1.5.1.gemspec
I, [2014-01-21T08:43:09.155423 #3148]  INFO -- : 0:  coffee-script-source (1.6.3) from /Users/serkan/.rvm/gems/ruby-2.1.0/specifications/coffee-script-source-1.6.3.gemspec
I, [2014-01-21T08:43:09.155680 #3148]  INFO -- : 0:  execjs (2.0.2) from /Users/serkan/.rvm/gems/ruby-2.1.0/specifications/execjs-2.0.2.gemspec
I, [2014-01-21T08:43:09.155940 #3148]  INFO -- : 0:  coffee-script (2.2.0) from /Users/serkan/.rvm/gems/ruby-2.1.0/specifications/coffee-script-2.2.0.gemspec
I, [2014-01-21T08:43:09.156211 #3148]  INFO -- : 0:  thor (0.18.1) from /Users/serkan/.rvm/gems/ruby-2.1.0/specifications/thor-0.18.1.gemspec
I, [2014-01-21T08:43:09.156518 #3148]  INFO -- : 0:  railties (4.0.0) from /Users/serkan/.rvm/gems/ruby-2.1.0/specifications/railties-4.0.0.gemspec
I, [2014-01-21T08:43:09.156779 #3148]  INFO -- : 0:  coffee-rails (4.0.1) from /Users/serkan/.rvm/gems/ruby-2.1.0/specifications/coffee-rails-4.0.1.gemspec
I, [2014-01-21T08:43:09.157039 #3148]  INFO -- : 0:  orm_adapter (0.5.0) from /Users/serkan/.rvm/gems/ruby-2.1.0/specifications/orm_adapter-0.5.0.gemspec
I, [2014-01-21T08:43:09.157296 #3148]  INFO -- : 0:  warden (1.2.3) from /Users/serkan/.rvm/gems/ruby-2.1.0/specifications/warden-1.2.3.gemspec
I, [2014-01-21T08:43:09.157538 #3148]  INFO -- : 0:  devise (3.2.2) from /Users/serkan/.rvm/gems/ruby-2.1.0/specifications/devise-3.2.2.gemspec
I, [2014-01-21T08:43:09.157797 #3148]  INFO -- : 0:  hike (1.2.3) from /Users/serkan/.rvm/gems/ruby-2.1.0/specifications/hike-1.2.3.gemspec
I, [2014-01-21T08:43:09.158032 #3148]  INFO -- : 0:  jbuilder (1.5.2) from /Users/serkan/.rvm/gems/ruby-2.1.0/specifications/jbuilder-1.5.2.gemspec
I, [2014-01-21T08:43:09.158355 #3148]  INFO -- : 0:  jquery-rails (3.0.4) from /Users/serkan/.rvm/gems/ruby-2.1.0/specifications/jquery-rails-3.0.4.gemspec
I, [2014-01-21T08:43:09.158600 #3148]  INFO -- : 0:  jquery-ui-rails (4.1.1) from /Users/serkan/.rvm/gems/ruby-2.1.0/specifications/jquery-ui-rails-4.1.1.gemspec
I, [2014-01-21T08:43:09.158828 #3148]  INFO -- : 0:  json (1.8.1) from /Users/serkan/.rvm/rubies/ruby-2.1.0/lib/ruby/gems/2.1.0/specifications/default/json-1.8.1.gemspec
I, [2014-01-21T08:43:09.159070 #3148]  INFO -- : 0:  tilt (1.4.1) from /Users/serkan/.rvm/gems/ruby-2.1.0/specifications/tilt-1.4.1.gemspec
I, [2014-01-21T08:43:09.159294 #3148]  INFO -- : 0:  sprockets (2.10.1) from /Users/serkan/.rvm/gems/ruby-2.1.0/specifications/sprockets-2.10.1.gemspec
I, [2014-01-21T08:43:09.159564 #3148]  INFO -- : 0:  sprockets-rails (2.0.1) from /Users/serkan/.rvm/gems/ruby-2.1.0/specifications/sprockets-rails-2.0.1.gemspec
I, [2014-01-21T08:43:09.159901 #3148]  INFO -- : 0:  rails (4.0.0) from /Users/serkan/.rvm/gems/ruby-2.1.0/specifications/rails-4.0.0.gemspec
I, [2014-01-21T08:43:09.160167 #3148]  INFO -- : 0:  rdoc (3.12.2) from /Users/serkan/.rvm/gems/ruby-2.1.0/specifications/rdoc-3.12.2.gemspec
I, [2014-01-21T08:43:09.160431 #3148]  INFO -- : 0:  sass (3.2.12) from /Users/serkan/.rvm/gems/ruby-2.1.0/specifications/sass-3.2.12.gemspec
I, [2014-01-21T08:43:09.160675 #3148]  INFO -- : 0:  sass-rails (4.0.1) from /Users/serkan/.rvm/gems/ruby-2.1.0/specifications/sass-rails-4.0.1.gemspec
I, [2014-01-21T08:43:09.160984 #3148]  INFO -- : 0:  sdoc (0.3.20) from /Users/serkan/.rvm/gems/ruby-2.1.0/specifications/sdoc-0.3.20.gemspec
I, [2014-01-21T08:43:09.161335 #3148]  INFO -- : 0:  sqlite3 (1.3.8) from /Users/serkan/.rvm/gems/ruby-2.1.0/specifications/sqlite3-1.3.8.gemspec
I, [2014-01-21T08:43:09.161811 #3148]  INFO -- : 0:  turbolinks (1.3.1) from /Users/serkan/.rvm/gems/ruby-2.1.0/specifications/turbolinks-1.3.1.gemspec
I, [2014-01-21T08:43:09.162119 #3148]  INFO -- : 0:  uglifier (2.3.2) from /Users/serkan/.rvm/gems/ruby-2.1.0/specifications/uglifier-2.3.2.gemspec
